This file contains any messages produced by compilers while
running configure, to aid debugging if configure makes a mistake.

It was created by smartappserver configure 0.1, which was
generated by GNU Autoconf 2.61.  Invocation command line was

  $ ./configure 

## --------- ##
## Platform. ##
## --------- ##

hostname = More-laptop
uname -m = x86_64
uname -r = 2.6.28-ARCH
uname -s = Linux
uname -v = #1 SMP PREEMPT Mon Feb 2 22:02:17 UTC 2009

/usr/bin/uname -p = unknown
/bin/uname -X     = unknown

/bin/arch              = x86_64
/usr/bin/arch -k       = unknown
/usr/convex/getsysinfo = unknown
/usr/bin/hostinfo      = unknown
/bin/machine           = unknown
/usr/bin/oslevel       = unknown
/bin/universe          = unknown

PATH: /bin
PATH: /usr/bin
PATH: /sbin
PATH: /usr/sbin
PATH: /opt/kde/bin
PATH: /usr/bin/perlbin/site
PATH: /usr/bin/perlbin/vendor
PATH: /usr/bin/perlbin/core
PATH: /opt/qt/bin


## ----------- ##
## Core tests. ##
## ----------- ##

configure:1776: checking for a BSD-compatible install
configure:1832: result: /bin/install -c
configure:1843: checking whether build environment is sane
configure:1886: result: yes
configure:1914: checking for a thread-safe mkdir -p
configure:1953: result: /bin/mkdir -p
configure:1966: checking for gawk
configure:1982: found /bin/gawk
configure:1993: result: gawk
configure:2004: checking whether make sets $(MAKE)
configure:2025: result: yes
configure:2263: checking for gcc
configure:2279: found /usr/bin/gcc
configure:2290: result: gcc
configure:2528: checking for C compiler version
configure:2535: gcc --version >&5
gcc (GCC) 4.3.3
Copyright (C) 2008 Free Software Foundation, Inc.
This is free software; see the source for copying conditions.  There is NO
warranty; not even for MERCHANTABILITY or FITNESS FOR A PARTICULAR PURPOSE.

configure:2538: $? = 0
configure:2545: gcc -v >&5
Using built-in specs.
Target: x86_64-unknown-linux-gnu
Configured with: ../configure --prefix=/usr --enable-shared --enable-languages=c,c++,fortran,objc,obj-c++,treelang --enable-threads=posix --mandir=/usr/share/man --infodir=/usr/share/info --enable-__cxa_atexit --disable-multilib --libdir=/usr/lib --libexecdir=/usr/lib --enable-clocale=gnu --disable-libstdcxx-pch --with-tune=generic
Thread model: posix
gcc version 4.3.3 (GCC) 
configure:2548: $? = 0
configure:2555: gcc -V >&5
gcc: '-V' option must have argument
configure:2558: $? = 1
configure:2581: checking for C compiler default output file name
configure:2608: gcc    conftest.c  >&5
configure:2611: $? = 0
configure:2649: result: a.out
configure:2666: checking whether the C compiler works
configure:2676: ./a.out
configure:2679: $? = 0
configure:2696: result: yes
configure:2703: checking whether we are cross compiling
configure:2705: result: no
configure:2708: checking for suffix of executables
configure:2715: gcc -o conftest    conftest.c  >&5
configure:2718: $? = 0
configure:2742: result: 
configure:2748: checking for suffix of object files
configure:2774: gcc -c   conftest.c >&5
configure:2777: $? = 0
configure:2800: result: o
configure:2804: checking whether we are using the GNU C compiler
configure:2833: gcc -c   conftest.c >&5
configure:2839: $? = 0
configure:2856: result: yes
configure:2861: checking whether gcc accepts -g
configure:2891: gcc -c -g  conftest.c >&5
configure:2897: $? = 0
configure:2996: result: yes
configure:3013: checking for gcc option to accept ISO C89
configure:3087: gcc  -c -g -O2  conftest.c >&5
configure:3093: $? = 0
configure:3116: result: none needed
configure:3145: checking for style of include used by make
configure:3173: result: GNU
configure:3198: checking dependency style of gcc
configure:3289: result: gcc3
configure:3309: checking for mysql_init in -lmysqlclient
configure:3344: gcc -o conftest -g -O2   conftest.c -lmysqlclient   >&5
configure:3350: $? = 0
configure:3368: result: yes
configure:3383: checking for FCGI_Accept in -lfcgi
configure:3418: gcc -o conftest -g -O2   conftest.c -lfcgi  -lmysqlclient  >&5
/usr/bin/ld: cannot find -lfcgi
collect2: ld returned 1 exit status
configure:3424: $? = 1
configure: failed program was:
| /* confdefs.h.  */
| #define PACKAGE_NAME "smartappserver"
| #define PACKAGE_TARNAME "smartappserver"
| #define PACKAGE_VERSION "0.1"
| #define PACKAGE_STRING "smartappserver 0.1"
| #define PACKAGE_BUGREPORT "monan@21cn.com"
| #define PACKAGE "smartappserver"
| #define VERSION "0.1"
| #define HAVE_LIBMYSQLCLIENT 1
| /* end confdefs.h.  */
| 
| /* Override any GCC internal prototype to avoid an error.
|    Use char because int might match the return type of a GCC
|    builtin and then its argument prototype would still apply.  */
| #ifdef __cplusplus
| extern "C"
| #endif
| char FCGI_Accept ();
| int
| main ()
| {
| return FCGI_Accept ();
|   ;
|   return 0;
| }
configure:3442: result: no

## ---------------- ##
## Cache variables. ##
## ---------------- ##

ac_cv_c_compiler_gnu=yes
ac_cv_env_CC_set=
ac_cv_env_CC_value=
ac_cv_env_CFLAGS_set=
ac_cv_env_CFLAGS_value=
ac_cv_env_CPPFLAGS_set=
ac_cv_env_CPPFLAGS_value=
ac_cv_env_CPP_set=
ac_cv_env_CPP_value=
ac_cv_env_LDFLAGS_set=
ac_cv_env_LDFLAGS_value=
ac_cv_env_LIBS_set=
ac_cv_env_LIBS_value=
ac_cv_env_build_alias_set=
ac_cv_env_build_alias_value=
ac_cv_env_host_alias_set=
ac_cv_env_host_alias_value=
ac_cv_env_target_alias_set=
ac_cv_env_target_alias_value=
ac_cv_lib_fcgi_FCGI_Accept=no
ac_cv_lib_mysqlclient_mysql_init=yes
ac_cv_objext=o
ac_cv_path_install='/bin/install -c'
ac_cv_path_mkdir=/bin/mkdir
ac_cv_prog_AWK=gawk
ac_cv_prog_ac_ct_CC=gcc
ac_cv_prog_cc_c89=
ac_cv_prog_cc_g=yes
ac_cv_prog_make_make_set=yes
am_cv_CC_dependencies_compiler_type=gcc3

## ----------------- ##
## Output variables. ##
## ----------------- ##

ACLOCAL='${SHELL} /home/more/Documents/workspace/smartappserver-0.1/missing --run aclocal-1.10'
AMDEPBACKSLASH='\'
AMDEP_FALSE='#'
AMDEP_TRUE=''
AMTAR='${SHELL} /home/more/Documents/workspace/smartappserver-0.1/missing --run tar'
AUTOCONF='${SHELL} /home/more/Documents/workspace/smartappserver-0.1/missing --run autoconf'
AUTOHEADER='${SHELL} /home/more/Documents/workspace/smartappserver-0.1/missing --run autoheader'
AUTOMAKE='${SHELL} /home/more/Documents/workspace/smartappserver-0.1/missing --run automake-1.10'
AWK='gawk'
CC='gcc'
CCDEPMODE='depmode=gcc3'
CFLAGS='-g -O2'
CPP=''
CPPFLAGS=''
CYGPATH_W='echo'
DEFS=''
DEPDIR='.deps'
ECHO_C=''
ECHO_N='-n'
ECHO_T=''
EGREP=''
EXEEXT=''
GREP=''
INSTALL_DATA='${INSTALL} -m 644'
INSTALL_PROGRAM='${INSTALL}'
INSTALL_SCRIPT='${INSTALL}'
INSTALL_STRIP_PROGRAM='$(install_sh) -c -s'
LDFLAGS=''
LIBOBJS=''
LIBS='-lmysqlclient '
LTLIBOBJS=''
MAKEINFO='${SHELL} /home/more/Documents/workspace/smartappserver-0.1/missing --run makeinfo'
OBJEXT='o'
PACKAGE='smartappserver'
PACKAGE_BUGREPORT='monan@21cn.com'
PACKAGE_NAME='smartappserver'
PACKAGE_STRING='smartappserver 0.1'
PACKAGE_TARNAME='smartappserver'
PACKAGE_VERSION='0.1'
PATH_SEPARATOR=':'
SET_MAKE=''
SHELL='/bin/sh'
STRIP=''
VERSION='0.1'
ac_ct_CC='gcc'
am__fastdepCC_FALSE='#'
am__fastdepCC_TRUE=''
am__include='include'
am__isrc=''
am__leading_dot='.'
am__quote=''
am__tar='${AMTAR} chof - "$$tardir"'
am__untar='${AMTAR} xf -'
bindir='${exec_prefix}/bin'
build_alias=''
datadir='${datarootdir}'
datarootdir='${prefix}/share'
docdir='${datarootdir}/doc/${PACKAGE_TARNAME}'
dvidir='${docdir}'
exec_prefix='NONE'
host_alias=''
htmldir='${docdir}'
includedir='${prefix}/include'
infodir='${datarootdir}/info'
install_sh='$(SHELL) /home/more/Documents/workspace/smartappserver-0.1/install-sh'
libdir='${exec_prefix}/lib'
libexecdir='${exec_prefix}/libexec'
localedir='${datarootdir}/locale'
localstatedir='${prefix}/var'
mandir='${datarootdir}/man'
mkdir_p='/bin/mkdir -p'
oldincludedir='/usr/include'
pdfdir='${docdir}'
prefix='NONE'
program_transform_name='s,x,x,'
psdir='${docdir}'
sbindir='${exec_prefix}/sbin'
sharedstatedir='${prefix}/com'
sysconfdir='${prefix}/etc'
target_alias=''

## ----------- ##
## confdefs.h. ##
## ----------- ##

#define PACKAGE_NAME "smartappserver"
#define PACKAGE_TARNAME "smartappserver"
#define PACKAGE_VERSION "0.1"
#define PACKAGE_STRING "smartappserver 0.1"
#define PACKAGE_BUGREPORT "monan@21cn.com"
#define PACKAGE "smartappserver"
#define VERSION "0.1"
#define HAVE_LIBMYSQLCLIENT 1

configure: exit 1
