This file contains any messages produced by compilers while
running configure, to aid debugging if configure makes a mistake.

It was created by dboperater  configure 0.0.1, which was
generated by GNU Autoconf 2.63.  Invocation command line was

  $ ./configure 

## --------- ##
## Platform. ##
## --------- ##

hostname = More-laptop
uname -m = x86_64
uname -r = 2.6.28-ARCH
uname -s = Linux
uname -v = #1 SMP PREEMPT Sun Jan 25 09:43:53 UTC 2009

/usr/bin/uname -p = unknown
/bin/uname -X     = unknown

/bin/arch              = x86_64
/usr/bin/arch -k       = unknown
/usr/convex/getsysinfo = unknown
/usr/bin/hostinfo      = unknown
/bin/machine           = unknown
/usr/bin/oslevel       = unknown
/bin/universe          = unknown

PATH: /bin
PATH: /usr/bin
PATH: /sbin
PATH: /usr/sbin
PATH: /opt/kde/bin
PATH: /usr/bin/perlbin/site
PATH: /usr/bin/perlbin/vendor
PATH: /usr/bin/perlbin/core
PATH: /opt/qt/bin


## ----------- ##
## Core tests. ##
## ----------- ##

configure:2068: checking for a BSD-compatible install
configure:2136: result: /bin/install -c
configure:2147: checking whether build environment is sane
configure:2190: result: yes
configure:2215: checking for a thread-safe mkdir -p
configure:2254: result: /bin/mkdir -p
configure:2267: checking for gawk
configure:2283: found /bin/gawk
configure:2294: result: gawk
configure:2305: checking whether make sets $(MAKE)
configure:2327: result: yes
configure:2561: checking for gcc
configure:2577: found /usr/bin/gcc
configure:2588: result: gcc
configure:2820: checking for C compiler version
configure:2828: gcc --version >&5
gcc (GCC) 4.3.3
Copyright (C) 2008 Free Software Foundation, Inc.
This is free software; see the source for copying conditions.  There is NO
warranty; not even for MERCHANTABILITY or FITNESS FOR A PARTICULAR PURPOSE.

configure:2832: $? = 0
configure:2839: gcc -v >&5
Using built-in specs.
Target: x86_64-unknown-linux-gnu
Configured with: ../configure --prefix=/usr --enable-shared --enable-languages=c,c++,fortran,objc,obj-c++,treelang --enable-threads=posix --mandir=/usr/share/man --infodir=/usr/share/info --enable-__cxa_atexit --disable-multilib --libdir=/usr/lib --libexecdir=/usr/lib --enable-clocale=gnu --disable-libstdcxx-pch --with-tune=generic
Thread model: posix
gcc version 4.3.3 (GCC) 
configure:2843: $? = 0
configure:2850: gcc -V >&5
gcc: '-V' option must have argument
configure:2854: $? = 1
configure:2877: checking for C compiler default output file name
configure:2899: gcc    conftest.c  >&5
configure:2903: $? = 0
configure:2941: result: a.out
configure:2960: checking whether the C compiler works
configure:2970: ./a.out
configure:2974: $? = 0
configure:2993: result: yes
configure:3000: checking whether we are cross compiling
configure:3002: result: no
configure:3005: checking for suffix of executables
configure:3012: gcc -o conftest    conftest.c  >&5
configure:3016: $? = 0
configure:3042: result: 
configure:3048: checking for suffix of object files
configure:3074: gcc -c   conftest.c >&5
configure:3078: $? = 0
configure:3103: result: o
configure:3107: checking whether we are using the GNU C compiler
configure:3136: gcc -c   conftest.c >&5
configure:3143: $? = 0
configure:3160: result: yes
configure:3169: checking whether gcc accepts -g
configure:3199: gcc -c -g  conftest.c >&5
configure:3206: $? = 0
configure:3307: result: yes
configure:3324: checking for gcc option to accept ISO C89
configure:3398: gcc  -c -g -O2  conftest.c >&5
configure:3405: $? = 0
configure:3428: result: none needed
configure:3457: checking for style of include used by make
configure:3485: result: GNU
configure:3510: checking dependency style of gcc
configure:3601: result: gcc3
configure:3647: checking build system type
configure:3665: result: x86_64-unknown-linux-gnu
configure:3687: checking host system type
configure:3702: result: x86_64-unknown-linux-gnu
configure:3724: checking for a sed that does not truncate output
configure:3790: result: /bin/sed
configure:3808: checking for grep that handles long lines and -e
configure:3868: result: /bin/grep
configure:3873: checking for egrep
configure:3937: result: /bin/grep -E
configure:3942: checking for fgrep
configure:4006: result: /bin/grep -F
configure:4041: checking for ld used by gcc
configure:4108: result: /usr/bin/ld
configure:4117: checking if the linker (/usr/bin/ld) is GNU ld
configure:4132: result: yes
configure:4144: checking for BSD- or MS-compatible name lister (nm)
configure:4193: result: /usr/bin/nm -B
configure:4311: checking the name lister (/usr/bin/nm -B) interface
configure:4318: gcc -c -g -O2  conftest.c >&5
configure:4321: /usr/bin/nm -B "conftest.o"
configure:4324: output
0000000000000000 B some_variable
configure:4331: result: BSD nm
configure:4334: checking whether ln -s works
configure:4338: result: yes
configure:4346: checking the maximum length of command line arguments
configure:4466: result: 1572864
configure:4483: checking whether the shell understands some XSI constructs
configure:4493: result: yes
configure:4497: checking whether the shell understands "+="
configure:4503: result: yes
configure:4538: checking for /usr/bin/ld option to reload object files
configure:4545: result: -r
configure:4614: checking for objdump
configure:4630: found /usr/bin/objdump
configure:4641: result: objdump
configure:4673: checking how to recognize dependent libraries
configure:4869: result: pass_all
configure:4929: checking for ar
configure:4945: found /usr/bin/ar
configure:4956: result: ar
configure:5034: checking for strip
configure:5050: found /usr/bin/strip
configure:5061: result: strip
configure:5133: checking for ranlib
configure:5149: found /usr/bin/ranlib
configure:5160: result: ranlib
configure:5250: checking command to parse /usr/bin/nm -B output from gcc object
configure:5368: gcc -c -g -O2  conftest.c >&5
configure:5371: $? = 0
configure:5375: /usr/bin/nm -B conftest.o \| sed -n -e 's/^.*[	 ]\([ABCDGIRSTW][ABCDGIRSTW]*\)[	 ][	 ]*\([_A-Za-z][_A-Za-z0-9]*\)$/\1 \2 \2/p' \> conftest.nm
configure:5378: $? = 0
configure:5432: gcc -o conftest -g -O2   conftest.c conftstm.o >&5
configure:5435: $? = 0
configure:5473: result: ok
configure:5569: gcc -c -g -O2  conftest.c >&5
configure:5572: $? = 0
configure:6340: checking how to run the C preprocessor
configure:6380: gcc -E  conftest.c
configure:6387: $? = 0
configure:6418: gcc -E  conftest.c
conftest.c:10:28: error: ac_nonexistent.h: No such file or directory
configure:6425: $? = 1
configure: failed program was:
| /* confdefs.h.  */
| #define PACKAGE_NAME "dboperater "
| #define PACKAGE_TARNAME "dboperater-"
| #define PACKAGE_VERSION "0.0.1"
| #define PACKAGE_STRING "dboperater  0.0.1"
| #define PACKAGE_BUGREPORT "monan@21cn.com"
| #define PACKAGE "dboperater"
| #define VERSION "0.1"
| /* end confdefs.h.  */
| #include <ac_nonexistent.h>
configure:6458: result: gcc -E
configure:6487: gcc -E  conftest.c
configure:6494: $? = 0
configure:6525: gcc -E  conftest.c
conftest.c:10:28: error: ac_nonexistent.h: No such file or directory
configure:6532: $? = 1
configure: failed program was:
| /* confdefs.h.  */
| #define PACKAGE_NAME "dboperater "
| #define PACKAGE_TARNAME "dboperater-"
| #define PACKAGE_VERSION "0.0.1"
| #define PACKAGE_STRING "dboperater  0.0.1"
| #define PACKAGE_BUGREPORT "monan@21cn.com"
| #define PACKAGE "dboperater"
| #define VERSION "0.1"
| /* end confdefs.h.  */
| #include <ac_nonexistent.h>
configure:6572: checking for ANSI C header files
configure:6602: gcc -c -g -O2  conftest.c >&5
configure:6609: $? = 0
configure:6708: gcc -o conftest -g -O2   conftest.c  >&5
configure:6712: $? = 0
configure:6718: ./conftest
configure:6722: $? = 0
configure:6740: result: yes
configure:6764: checking for sys/types.h
configure:6785: gcc -c -g -O2  conftest.c >&5
configure:6792: $? = 0
configure:6809: result: yes
configure:6764: checking for sys/stat.h
configure:6785: gcc -c -g -O2  conftest.c >&5
configure:6792: $? = 0
configure:6809: result: yes
configure:6764: checking for stdlib.h
configure:6785: gcc -c -g -O2  conftest.c >&5
configure:6792: $? = 0
configure:6809: result: yes
configure:6764: checking for string.h
configure:6785: gcc -c -g -O2  conftest.c >&5
configure:6792: $? = 0
configure:6809: result: yes
configure:6764: checking for memory.h
configure:6785: gcc -c -g -O2  conftest.c >&5
configure:6792: $? = 0
configure:6809: result: yes
configure:6764: checking for strings.h
configure:6785: gcc -c -g -O2  conftest.c >&5
configure:6792: $? = 0
configure:6809: result: yes
configure:6764: checking for inttypes.h
configure:6785: gcc -c -g -O2  conftest.c >&5
configure:6792: $? = 0
configure:6809: result: yes
configure:6764: checking for stdint.h
configure:6785: gcc -c -g -O2  conftest.c >&5
configure:6792: $? = 0
configure:6809: result: yes
configure:6764: checking for unistd.h
configure:6785: gcc -c -g -O2  conftest.c >&5
configure:6792: $? = 0
configure:6809: result: yes
configure:6827: checking for dlfcn.h
configure:6848: gcc -c -g -O2  conftest.c >&5
configure:6855: $? = 0
configure:6872: result: yes
configure:7058: checking for objdir
configure:7073: result: .libs
configure:7365: checking if gcc supports -fno-rtti -fno-exceptions
configure:7383: gcc -c -g -O2  -fno-rtti -fno-exceptions conftest.c >&5
cc1: warning: command line option "-fno-rtti" is valid for C++/ObjC++ but not for C
configure:7387: $? = 0
configure:7400: result: no
configure:7420: checking for gcc option to produce PIC
configure:7692: result: -fPIC -DPIC
configure:7704: checking if gcc PIC flag -fPIC -DPIC works
configure:7722: gcc -c -g -O2  -fPIC -DPIC -DPIC conftest.c >&5
configure:7726: $? = 0
configure:7739: result: yes
configure:7763: checking if gcc static flag -static works
configure:7791: result: yes
configure:7806: checking if gcc supports -c -o file.o
configure:7827: gcc -c -g -O2  -o out/conftest2.o conftest.c >&5
configure:7831: $? = 0
configure:7853: result: yes
configure:7861: checking if gcc supports -c -o file.o
configure:7908: result: yes
configure:7941: checking whether the gcc linker (/usr/bin/ld -m elf_x86_64) supports shared libraries
configure:9015: result: yes
configure:9052: checking whether -lc should be explicitly linked in
configure:9057: gcc -c -g -O2  conftest.c >&5
configure:9060: $? = 0
configure:9075: gcc -shared conftest.o  -v -Wl,-soname -Wl,conftest -o conftest 2\>\&1 \| /bin/grep  -lc  \>/dev/null 2\>\&1
configure:9078: $? = 0
configure:9090: result: no
configure:9254: checking dynamic linker characteristics
configure:9697: gcc -o conftest -g -O2   -Wl,-rpath -Wl,/foo conftest.c  >&5
configure:9704: $? = 0
configure:9937: result: GNU/Linux ld.so
configure:10039: checking how to hardcode library paths into programs
configure:10064: result: immediate
configure:10897: checking whether stripping libraries is possible
configure:10902: result: yes
configure:10937: checking if libtool supports shared libraries
configure:10939: result: yes
configure:10942: checking whether to build shared libraries
configure:10963: result: yes
configure:10966: checking whether to build static libraries
configure:10970: result: yes
configure:11008: checking for pool_Create in -lcda
configure:11043: gcc -o conftest -g -O2   conftest.c -lcda   >&5
configure:11050: $? = 0
configure:11071: result: yes
configure:11086: checking for ANSI C header files
configure:11254: result: yes
configure:11284: checking malloc.h usability
configure:11301: gcc -c -g -O2  conftest.c >&5
configure:11308: $? = 0
configure:11322: result: yes
configure:11326: checking malloc.h presence
configure:11341: gcc -E  conftest.c
configure:11348: $? = 0
configure:11362: result: yes
configure:11395: checking for malloc.h
configure:11404: result: yes
configure:11273: checking for stdlib.h
configure:11280: result: yes
configure:11273: checking for string.h
configure:11280: result: yes
configure:11284: checking wchar.h usability
configure:11301: gcc -c -g -O2  conftest.c >&5
configure:11308: $? = 0
configure:11322: result: yes
configure:11326: checking wchar.h presence
configure:11341: gcc -E  conftest.c
configure:11348: $? = 0
configure:11362: result: yes
configure:11395: checking for wchar.h
configure:11404: result: yes
configure:11284: checking wctype.h usability
configure:11301: gcc -c -g -O2  conftest.c >&5
configure:11308: $? = 0
configure:11322: result: yes
configure:11326: checking wctype.h presence
configure:11341: gcc -E  conftest.c
configure:11348: $? = 0
configure:11362: result: yes
configure:11395: checking for wctype.h
configure:11404: result: yes
configure:11421: checking for an ANSI C-conforming const
configure:11496: gcc -c -g -O2  conftest.c >&5
configure:11503: $? = 0
configure:11518: result: yes
configure:11528: checking for size_t
configure:11556: gcc -c -g -O2  conftest.c >&5
configure:11563: $? = 0
configure:11590: gcc -c -g -O2  conftest.c >&5
conftest.c: In function 'main':
conftest.c:65: error: expected expression before ')' token
configure:11597: $? = 1
configure: failed program was:
| /* confdefs.h.  */
| #define PACKAGE_NAME "dboperater "
| #define PACKAGE_TARNAME "dboperater-"
| #define PACKAGE_VERSION "0.0.1"
| #define PACKAGE_STRING "dboperater  0.0.1"
| #define PACKAGE_BUGREPORT "monan@21cn.com"
| #define PACKAGE "dboperater"
| #define VERSION "0.1"
| #define STDC_HEADERS 1
| #define HAVE_SYS_TYPES_H 1
| #define HAVE_SYS_STAT_H 1
| #define HAVE_STDLIB_H 1
| #define HAVE_STRING_H 1
| #define HAVE_MEMORY_H 1
| #define HAVE_STRINGS_H 1
| #define HAVE_INTTYPES_H 1
| #define HAVE_STDINT_H 1
| #define HAVE_UNISTD_H 1
| #define HAVE_DLFCN_H 1
| #define LT_OBJDIR ".libs/"
| #define HAVE_LIBCDA 1
| #define STDC_HEADERS 1
| #define HAVE_MALLOC_H 1
| #define HAVE_STDLIB_H 1
| #define HAVE_STRING_H 1
| #define HAVE_WCHAR_H 1
| #define HAVE_WCTYPE_H 1
| /* end confdefs.h.  */
| #include <stdio.h>
| #ifdef HAVE_SYS_TYPES_H
| # include <sys/types.h>
| #endif
| #ifdef HAVE_SYS_STAT_H
| # include <sys/stat.h>
| #endif
| #ifdef STDC_HEADERS
| # include <stdlib.h>
| # include <stddef.h>
| #else
| # ifdef HAVE_STDLIB_H
| #  include <stdlib.h>
| # endif
| #endif
| #ifdef HAVE_STRING_H
| # if !defined STDC_HEADERS && defined HAVE_MEMORY_H
| #  include <memory.h>
| # endif
| # include <string.h>
| #endif
| #ifdef HAVE_STRINGS_H
| # include <strings.h>
| #endif
| #ifdef HAVE_INTTYPES_H
| # include <inttypes.h>
| #endif
| #ifdef HAVE_STDINT_H
| # include <stdint.h>
| #endif
| #ifdef HAVE_UNISTD_H
| # include <unistd.h>
| #endif
| int
| main ()
| {
| if (sizeof ((size_t)))
| 	  return 0;
|   ;
|   return 0;
| }
configure:11620: result: yes
configure:11639: checking for stdlib.h
configure:11646: result: yes
configure:11785: checking for GNU libc compatible malloc
configure:11819: gcc -o conftest -g -O2   conftest.c -lcda  >&5
configure:11823: $? = 0
configure:11829: ./conftest
configure:11833: $? = 0
configure:11850: result: yes
configure:11883: checking for stdlib.h
configure:11890: result: yes
configure:12029: checking for GNU libc compatible realloc
configure:12063: gcc -o conftest -g -O2   conftest.c -lcda  >&5
configure:12067: $? = 0
configure:12073: ./conftest
configure:12077: $? = 0
configure:12094: result: yes
configure:12127: checking for memmove
configure:12183: gcc -o conftest -g -O2   conftest.c -lcda  >&5
conftest.c:56: warning: conflicting types for built-in function 'memmove'
configure:12190: $? = 0
configure:12212: result: yes
configure:12127: checking for memset
configure:12183: gcc -o conftest -g -O2   conftest.c -lcda  >&5
conftest.c:57: warning: conflicting types for built-in function 'memset'
configure:12190: $? = 0
configure:12212: result: yes
configure:12343: creating ./config.status

## ---------------------- ##
## Running config.status. ##
## ---------------------- ##

This file was extended by dboperater  config.status 0.0.1, which was
generated by GNU Autoconf 2.63.  Invocation command line was

  CONFIG_FILES    = 
  CONFIG_HEADERS  = 
  CONFIG_LINKS    = 
  CONFIG_COMMANDS = 
  $ ./config.status 

on More-laptop

config.status:994: creating Makefile
config.status:994: creating config.h
config.status:1268: executing depfiles commands
config.status:1268: executing libtool commands

## ---------------- ##
## Cache variables. ##
## ---------------- ##

ac_cv_build=x86_64-unknown-linux-gnu
ac_cv_c_compiler_gnu=yes
ac_cv_c_const=yes
ac_cv_env_CC_set=
ac_cv_env_CC_value=
ac_cv_env_CFLAGS_set=
ac_cv_env_CFLAGS_value=
ac_cv_env_CPPFLAGS_set=
ac_cv_env_CPPFLAGS_value=
ac_cv_env_CPP_set=
ac_cv_env_CPP_value=
ac_cv_env_LDFLAGS_set=
ac_cv_env_LDFLAGS_value=
ac_cv_env_LIBS_set=
ac_cv_env_LIBS_value=
ac_cv_env_build_alias_set=
ac_cv_env_build_alias_value=
ac_cv_env_host_alias_set=
ac_cv_env_host_alias_value=
ac_cv_env_target_alias_set=
ac_cv_env_target_alias_value=
ac_cv_func_malloc_0_nonnull=yes
ac_cv_func_memmove=yes
ac_cv_func_memset=yes
ac_cv_func_realloc_0_nonnull=yes
ac_cv_header_dlfcn_h=yes
ac_cv_header_inttypes_h=yes
ac_cv_header_malloc_h=yes
ac_cv_header_memory_h=yes
ac_cv_header_stdc=yes
ac_cv_header_stdint_h=yes
ac_cv_header_stdlib_h=yes
ac_cv_header_string_h=yes
ac_cv_header_strings_h=yes
ac_cv_header_sys_stat_h=yes
ac_cv_header_sys_types_h=yes
ac_cv_header_unistd_h=yes
ac_cv_header_wchar_h=yes
ac_cv_header_wctype_h=yes
ac_cv_host=x86_64-unknown-linux-gnu
ac_cv_lib_cda_pool_Create=yes
ac_cv_objext=o
ac_cv_path_EGREP='/bin/grep -E'
ac_cv_path_FGREP='/bin/grep -F'
ac_cv_path_GREP=/bin/grep
ac_cv_path_SED=/bin/sed
ac_cv_path_install='/bin/install -c'
ac_cv_path_mkdir=/bin/mkdir
ac_cv_prog_AWK=gawk
ac_cv_prog_CPP='gcc -E'
ac_cv_prog_ac_ct_AR=ar
ac_cv_prog_ac_ct_CC=gcc
ac_cv_prog_ac_ct_OBJDUMP=objdump
ac_cv_prog_ac_ct_RANLIB=ranlib
ac_cv_prog_ac_ct_STRIP=strip
ac_cv_prog_cc_c89=
ac_cv_prog_cc_g=yes
ac_cv_prog_make_make_set=yes
ac_cv_type_size_t=yes
am_cv_CC_dependencies_compiler_type=gcc3
lt_cv_deplibs_check_method=pass_all
lt_cv_file_magic_cmd='$MAGIC_CMD'
lt_cv_file_magic_test_file=
lt_cv_ld_reload_flag=-r
lt_cv_nm_interface='BSD nm'
lt_cv_objdir=.libs
lt_cv_path_LD=/usr/bin/ld
lt_cv_path_NM='/usr/bin/nm -B'
lt_cv_prog_compiler_c_o=yes
lt_cv_prog_compiler_pic_works=yes
lt_cv_prog_compiler_rtti_exceptions=no
lt_cv_prog_compiler_static_works=yes
lt_cv_prog_gnu_ld=yes
lt_cv_sys_global_symbol_pipe='sed -n -e '\''s/^.*[	 ]\([ABCDGIRSTW][ABCDGIRSTW]*\)[	 ][	 ]*\([_A-Za-z][_A-Za-z0-9]*\)$/\1 \2 \2/p'\'''
lt_cv_sys_global_symbol_to_c_name_address='sed -n -e '\''s/^: \([^ ]*\) $/  {\"\1\", (void *) 0},/p'\'' -e '\''s/^[ABCDGIRSTW]* \([^ ]*\) \([^ ]*\)$/  {"\2", (void *) \&\2},/p'\'''
lt_cv_sys_global_symbol_to_c_name_address_lib_prefix='sed -n -e '\''s/^: \([^ ]*\) $/  {\"\1\", (void *) 0},/p'\'' -e '\''s/^[ABCDGIRSTW]* \([^ ]*\) \(lib[^ ]*\)$/  {"\2", (void *) \&\2},/p'\'' -e '\''s/^[ABCDGIRSTW]* \([^ ]*\) \([^ ]*\)$/  {"lib\2", (void *) \&\2},/p'\'''
lt_cv_sys_global_symbol_to_cdecl='sed -n -e '\''s/^T .* \(.*\)$/extern int \1();/p'\'' -e '\''s/^[ABCDGIRSTW]* .* \(.*\)$/extern char \1;/p'\'''
lt_cv_sys_max_cmd_len=1572864

## ----------------- ##
## Output variables. ##
## ----------------- ##

ACLOCAL='${SHELL} /home/more/Documents/workspace/xmloperater-0.1/missing --run aclocal-1.10'
AMDEPBACKSLASH='\'
AMDEP_FALSE='#'
AMDEP_TRUE=''
AMTAR='${SHELL} /home/more/Documents/workspace/xmloperater-0.1/missing --run tar'
AR='ar'
AUTOCONF='${SHELL} /home/more/Documents/workspace/xmloperater-0.1/missing --run autoconf'
AUTOHEADER='${SHELL} /home/more/Documents/workspace/xmloperater-0.1/missing --run autoheader'
AUTOMAKE='${SHELL} /home/more/Documents/workspace/xmloperater-0.1/missing --run automake-1.10'
AWK='gawk'
CC='gcc'
CCDEPMODE='depmode=gcc3'
CFLAGS='-g -O2'
CPP='gcc -E'
CPPFLAGS=''
CYGPATH_W='echo'
DEFS='-DHAVE_CONFIG_H'
DEPDIR='.deps'
DSYMUTIL=''
DUMPBIN=''
ECHO_C=''
ECHO_N='-n'
ECHO_T=''
EGREP='/bin/grep -E'
EXEEXT=''
FGREP='/bin/grep -F'
GREP='/bin/grep'
INSTALL_DATA='${INSTALL} -m 644'
INSTALL_PROGRAM='${INSTALL}'
INSTALL_SCRIPT='${INSTALL}'
INSTALL_STRIP_PROGRAM='$(install_sh) -c -s'
LD='/usr/bin/ld -m elf_x86_64'
LDFLAGS=''
LIBOBJS=''
LIBS='-lcda '
LIBTOOL='$(SHELL) $(top_builddir)/libtool'
LIPO=''
LN_S='ln -s'
LTLIBOBJS=''
MAKEINFO='${SHELL} /home/more/Documents/workspace/xmloperater-0.1/missing --run makeinfo'
MKDIR_P='/bin/mkdir -p'
NM='/usr/bin/nm -B'
NMEDIT=''
OBJDUMP='objdump'
OBJEXT='o'
OTOOL64=''
OTOOL=''
PACKAGE='dboperater'
PACKAGE_BUGREPORT='monan@21cn.com'
PACKAGE_NAME='dboperater '
PACKAGE_STRING='dboperater  0.0.1'
PACKAGE_TARNAME='dboperater-'
PACKAGE_VERSION='0.0.1'
PATH_SEPARATOR=':'
RANLIB='ranlib'
SED='/bin/sed'
SET_MAKE=''
SHELL='/bin/sh'
STRIP='strip'
VERSION='0.1'
ac_ct_CC='gcc'
ac_ct_DUMPBIN=''
am__fastdepCC_FALSE='#'
am__fastdepCC_TRUE=''
am__include='include'
am__isrc=''
am__leading_dot='.'
am__quote=''
am__tar='${AMTAR} chof - "$$tardir"'
am__untar='${AMTAR} xf -'
bindir='${exec_prefix}/bin'
build='x86_64-unknown-linux-gnu'
build_alias=''
build_cpu='x86_64'
build_os='linux-gnu'
build_vendor='unknown'
datadir='${datarootdir}'
datarootdir='${prefix}/share'
docdir='${datarootdir}/doc/${PACKAGE_TARNAME}'
dvidir='${docdir}'
exec_prefix='${prefix}'
host='x86_64-unknown-linux-gnu'
host_alias=''
host_cpu='x86_64'
host_os='linux-gnu'
host_vendor='unknown'
htmldir='${docdir}'
includedir='${prefix}/include'
infodir='${datarootdir}/info'
install_sh='$(SHELL) /home/more/Documents/workspace/xmloperater-0.1/install-sh'
libdir='${exec_prefix}/lib'
libexecdir='${exec_prefix}/libexec'
localedir='${datarootdir}/locale'
localstatedir='${prefix}/var'
lt_ECHO='echo'
mandir='${datarootdir}/man'
mkdir_p='/bin/mkdir -p'
oldincludedir='/usr/include'
pdfdir='${docdir}'
prefix='/usr/local'
program_transform_name='s,x,x,'
psdir='${docdir}'
sbindir='${exec_prefix}/sbin'
sharedstatedir='${prefix}/com'
sysconfdir='${prefix}/etc'
target_alias=''

## ----------- ##
## confdefs.h. ##
## ----------- ##

#define PACKAGE_NAME "dboperater "
#define PACKAGE_TARNAME "dboperater-"
#define PACKAGE_VERSION "0.0.1"
#define PACKAGE_STRING "dboperater  0.0.1"
#define PACKAGE_BUGREPORT "monan@21cn.com"
#define PACKAGE "dboperater"
#define VERSION "0.1"
#define STDC_HEADERS 1
#define HAVE_SYS_TYPES_H 1
#define HAVE_SYS_STAT_H 1
#define HAVE_STDLIB_H 1
#define HAVE_STRING_H 1
#define HAVE_MEMORY_H 1
#define HAVE_STRINGS_H 1
#define HAVE_INTTYPES_H 1
#define HAVE_STDINT_H 1
#define HAVE_UNISTD_H 1
#define HAVE_DLFCN_H 1
#define LT_OBJDIR ".libs/"
#define HAVE_LIBCDA 1
#define STDC_HEADERS 1
#define HAVE_MALLOC_H 1
#define HAVE_STDLIB_H 1
#define HAVE_STRING_H 1
#define HAVE_WCHAR_H 1
#define HAVE_WCTYPE_H 1
#define HAVE_STDLIB_H 1
#define HAVE_MALLOC 1
#define HAVE_STDLIB_H 1
#define HAVE_REALLOC 1
#define HAVE_MEMMOVE 1
#define HAVE_MEMSET 1

configure: exit 0
